{
  "RSpec": {
    "coverage": {
      "/home/aejohnmartin/Documents/oms/Gemfile": {
        "lines": [
          null,
          null,
          1,
          null,
          1,
          null,
          1,
          null,
          null,
          1,
          null,
          null,
          1,
          null,
          null,
          1,
          null,
          null,
          1,
          null,
          null,
          1,
          null,
          null,
          1,
          null,
          null,
          1,
          null,
          null,
          1,
          null,
          null,
          null,
          null,
          null,
          1,
          null,
          null,
          1,
          null,
          null,
          null,
          null,
          1,
          null,
          1,
          null,
          null,
          1,
          null,
          1,
          null,
          1,
          null,
          1,
          null,
          1,
          null,
          1,
          null,
          1,
          1,
          null,
          1,
          null,
          1,
          null,
          null,
          1,
          null,
          1,
          null,
          1,
          null,
          1,
          null,
          1,
          null,
          1,
          null,
          1,
          null,
          1,
          null,
          null,
          1,
          null,
          null,
          1,
          null,
          null,
          1,
          null,
          1,
          null,
          null,
          1,
          null,
          1,
          null,
          null,
          1,
          null
        ],
        "branches": {
        }
      },
      "/home/aejohnmartin/Documents/oms/app/helpers/application_helper.rb": {
        "lines": [
          null,
          null,
          null,
          1,
          null
        ],
        "branches": {
        }
      },
      "/home/aejohnmartin/Documents/oms/app/helpers/static_pages_helper.rb": {
        "lines": [
          null,
          null,
          null,
          1,
          null
        ],
        "branches": {
        }
      },
      "/home/aejohnmartin/Documents/oms/app/controllers/static_pages_controller.rb": {
        "lines": [
          null,
          null,
          null,
          1,
          1,
          2,
          1,
          null,
          1,
          null,
          null,
          null,
          1,
          null,
          1,
          0,
          null,
          null
        ],
        "branches": {
          "[:if, 0, 6, 4, 10, 7]": {
            "[:then, 1, 7, 6, 7, 44]": 1,
            "[:else, 2, 9, 6, 9, 56]": 1
          }
        }
      },
      "/home/aejohnmartin/Documents/oms/app/controllers/application_controller.rb": {
        "lines": [
          null,
          null,
          null,
          1,
          null
        ],
        "branches": {
        }
      },
      "/home/aejohnmartin/Documents/oms/app/views/static_pages/home.html.erb": {
        "lines": [
          1,
          null,
          null,
          null,
          1,
          null
        ],
        "branches": {
        }
      },
      "/home/aejohnmartin/Documents/oms/app/views/layouts/application.html.erb": {
        "lines": [
          2,
          null,
          null,
          null,
          null,
          2,
          2,
          null,
          2,
          2,
          null,
          null,
          null,
          2,
          null,
          null,
          null,
          2,
          null
        ],
        "branches": {
        }
      },
      "/home/aejohnmartin/Documents/oms/app/channels/application_cable/channel.rb": {
        "lines": [
          null,
          null,
          0,
          0,
          0,
          0
        ],
        "branches": {
        }
      },
      "/home/aejohnmartin/Documents/oms/app/channels/application_cable/connection.rb": {
        "lines": [
          null,
          null,
          0,
          0,
          0,
          0
        ],
        "branches": {
        }
      },
      "/home/aejohnmartin/Documents/oms/app/jobs/application_job.rb": {
        "lines": [
          null,
          null,
          null,
          0,
          null,
          null,
          null,
          null,
          null,
          0
        ],
        "branches": {
        }
      },
      "/home/aejohnmartin/Documents/oms/app/mailers/application_mailer.rb": {
        "lines": [
          null,
          null,
          null,
          0,
          0,
          0,
          0
        ],
        "branches": {
        }
      },
      "/home/aejohnmartin/Documents/oms/app/models/application_record.rb": {
        "lines": [
          null,
          null,
          null,
          0,
          0,
          0
        ],
        "branches": {
        }
      }
    },
    "timestamp": 1696611191
  }
}
